# JRE version: OpenJDK Runtime Environment (17.0.7) (build 17.0.7+0-b2043.56-10550314)
# Java VM: OpenJDK 64-Bit Server VM (17.0.7+0-b2043.56-10550314, mixed mode, tiered, compressed oops, compressed class ptrs, g1 gc, windows-amd64)
GC Precious Log:
 CPUs: 8 total, 8 available
 Memory: 8029M
 Large Page Support: Disabled
 NUMA Support: Disabled
 Compressed Oops: Enabled (32-bit)
 Heap Region Size: 1M
 Heap Min Capacity: 8M
 Heap Initial Capacity: 126M
 Heap Max Capacity: 2G
 Pre-touch: Disabled
 Parallel Workers: 8
 Concurrent Workers: 2
 Concurrent Refinement Workers: 8
 Periodic GC: Disabled
Heap:
 garbage-first heap   total 339968K, used 169439K [0x0000000080000000, 0x0000000100000000)
  region size 1024K, 4 young (4096K), 3 survivors (3072K)
 Metaspace       used 107508K, committed 108480K, reserved 1179648K
  class space    used 13990K, committed 14464K, reserved 1048576K
GC Heap History (20 events):
Event: 62.885 GC heap before
{Heap before GC invocations=59 (full 0):
 garbage-first heap   total 230400K, used 190306K [0x0000000080000000, 0x0000000100000000)
  region size 1024K, 59 young (60416K), 1 survivors (1024K)
 Metaspace       used 104872K, committed 105728K, reserved 1179648K
  class space    used 13639K, committed 14080K, reserved 1048576K
}
Event: 62.898 GC heap after
{Heap after GC invocations=60 (full 0):
 garbage-first heap   total 339968K, used 133779K [0x0000000080000000, 0x0000000100000000)
  region size 1024K, 7 young (7168K), 7 survivors (7168K)
 Metaspace       used 104872K, committed 105728K, reserved 1179648K
  class space    used 13639K, committed 14080K, reserved 1048576K
}
Event: 96.394 GC heap before
{Heap before GC invocations=61 (full 0):
 garbage-first heap   total 339968K, used 279187K [0x0000000080000000, 0x0000000100000000)
  region size 1024K, 142 young (145408K), 7 survivors (7168K)
 Metaspace       used 106967K, committed 107904K, reserved 1179648K
  class space    used 13911K, committed 14400K, reserved 1048576K
}
Event: 96.585 GC heap after
{Heap after GC invocations=62 (full 0):
 garbage-first heap   total 339968K, used 149490K [0x0000000080000000, 0x0000000100000000)
  region size 1024K, 18 young (18432K), 18 survivors (18432K)
 Metaspace       used 106967K, committed 107904K, reserved 1179648K
  class space    used 13911K, committed 14400K, reserved 1048576K
}
Event: 96.623 GC heap before
{Heap before GC invocations=62 (full 0):
 garbage-first heap   total 339968K, used 149490K [0x0000000080000000, 0x0000000100000000)
  region size 1024K, 19 young (19456K), 18 survivors (18432K)
 Metaspace       used 106971K, committed 107904K, reserved 1179648K
  class space    used 13911K, committed 14400K, reserved 1048576K
}
Event: 98.766 GC heap after
{Heap after GC invocations=63 (full 0):
 garbage-first heap   total 339968K, used 141297K [0x0000000080000000, 0x0000000100000000)
  region size 1024K, 2 young (2048K), 2 survivors (2048K)
 Metaspace       used 106971K, committed 107904K, reserved 1179648K
  class space    used 13911K, committed 14400K, reserved 1048576K
}
Event: 100.911 GC heap before
{Heap before GC invocations=63 (full 0):
 garbage-first heap   total 339968K, used 154609K [0x0000000080000000, 0x0000000100000000)
  region size 1024K, 16 young (16384K), 2 survivors (2048K)
 Metaspace       used 106974K, committed 107904K, reserved 1179648K
  class space    used 13911K, committed 14400K, reserved 1048576K
}
Event: 100.950 GC heap after
{Heap after GC invocations=64 (full 0):
 garbage-first heap   total 339968K, used 141297K [0x0000000080000000, 0x0000000100000000)
  region size 1024K, 2 young (2048K), 2 survivors (2048K)
 Metaspace       used 106974K, committed 107904K, reserved 1179648K
  class space    used 13911K, committed 14400K, reserved 1048576K
}
Event: 102.524 GC heap before
{Heap before GC invocations=64 (full 0):
 garbage-first heap   total 339968K, used 154609K [0x0000000080000000, 0x0000000100000000)
  region size 1024K, 16 young (16384K), 2 survivors (2048K)
 Metaspace       used 107055K, committed 107968K, reserved 1179648K
  class space    used 13927K, committed 14400K, reserved 1048576K
}
Event: 102.534 GC heap after
{Heap after GC invocations=65 (full 0):
 garbage-first heap   total 339968K, used 143197K [0x0000000080000000, 0x0000000100000000)
  region size 1024K, 2 young (2048K), 2 survivors (2048K)
 Metaspace       used 107055K, committed 107968K, reserved 1179648K
  class space    used 13927K, committed 14400K, reserved 1048576K
}
Event: 104.613 GC heap before
{Heap before GC invocations=65 (full 0):
 garbage-first heap   total 339968K, used 160605K [0x0000000080000000, 0x0000000100000000)
  region size 1024K, 19 young (19456K), 2 survivors (2048K)
 Metaspace       used 107095K, committed 107968K, reserved 1179648K
  class space    used 13930K, committed 14400K, reserved 1048576K
}
Event: 104.736 GC heap after
{Heap after GC invocations=66 (full 0):
 garbage-first heap   total 339968K, used 145111K [0x0000000080000000, 0x0000000100000000)
  region size 1024K, 2 young (2048K), 2 survivors (2048K)
 Metaspace       used 107095K, committed 107968K, reserved 1179648K
  class space    used 13930K, committed 14400K, reserved 1048576K
}
Event: 105.103 GC heap before
{Heap before GC invocations=66 (full 0):
 garbage-first heap   total 339968K, used 163543K [0x0000000080000000, 0x0000000100000000)
  region size 1024K, 21 young (21504K), 2 survivors (2048K)
 Metaspace       used 107095K, committed 107968K, reserved 1179648K
  class space    used 13930K, committed 14400K, reserved 1048576K
}
Event: 105.257 GC heap after
{Heap after GC invocations=67 (full 0):
 garbage-first heap   total 339968K, used 148777K [0x0000000080000000, 0x0000000100000000)
  region size 1024K, 3 young (3072K), 3 survivors (3072K)
 Metaspace       used 107095K, committed 107968K, reserved 1179648K
  class space    used 13930K, committed 14400K, reserved 1048576K
}
Event: 107.538 GC heap before
{Heap before GC invocations=67 (full 0):
 garbage-first heap   total 339968K, used 161065K [0x0000000080000000, 0x0000000100000000)
  region size 1024K, 16 young (16384K), 3 survivors (3072K)
 Metaspace       used 107116K, committed 107968K, reserved 1179648K
  class space    used 13930K, committed 14400K, reserved 1048576K
}
Event: 107.550 GC heap after
{Heap after GC invocations=68 (full 0):
 garbage-first heap   total 339968K, used 153600K [0x0000000080000000, 0x0000000100000000)
  region size 1024K, 2 young (2048K), 2 survivors (2048K)
 Metaspace       used 107116K, committed 107968K, reserved 1179648K
  class space    used 13930K, committed 14400K, reserved 1048576K
}
Event: 108.774 GC heap before
{Heap before GC invocations=68 (full 0):
 garbage-first heap   total 339968K, used 178176K [0x0000000080000000, 0x0000000100000000)
  region size 1024K, 21 young (21504K), 2 survivors (2048K)
 Metaspace       used 107474K, committed 108416K, reserved 1179648K
  class space    used 13990K, committed 14464K, reserved 1048576K
}
Event: 108.783 GC heap after
{Heap after GC invocations=69 (full 0):
 garbage-first heap   total 339968K, used 161052K [0x0000000080000000, 0x0000000100000000)
  region size 1024K, 3 young (3072K), 3 survivors (3072K)
 Metaspace       used 107474K, committed 108416K, reserved 1179648K
  class space    used 13990K, committed 14464K, reserved 1048576K
}
Event: 109.143 GC heap before
{Heap before GC invocations=69 (full 0):
 garbage-first heap   total 339968K, used 182556K [0x0000000080000000, 0x0000000100000000)
  region size 1024K, 22 young (22528K), 3 survivors (3072K)
 Metaspace       used 107508K, committed 108480K, reserved 1179648K
  class space    used 13990K, committed 14464K, reserved 1048576K
}
Event: 109.149 GC heap after
{Heap after GC invocations=70 (full 0):
 garbage-first heap   total 339968K, used 169439K [0x0000000080000000, 0x0000000100000000)
  region size 1024K, 3 young (3072K), 3 survivors (3072K)
 Metaspace       used 107508K, committed 108480K, reserved 1179648K
  class space    used 13990K, committed 14464K, reserved 1048576K
}

