# JRE version: OpenJDK Runtime Environment (17.0.7) (build 17.0.7+0-b2043.56-10550314)
# Java VM: OpenJDK 64-Bit Server VM (17.0.7+0-b2043.56-10550314, mixed mode, tiered, compressed oops, compressed class ptrs, g1 gc, windows-amd64)
GC Precious Log:
 CPUs: 8 total, 8 available
 Memory: 8029M
 Large Page Support: Disabled
 NUMA Support: Disabled
 Compressed Oops: Enabled (32-bit)
 Heap Region Size: 1M
 Heap Min Capacity: 8M
 Heap Initial Capacity: 126M
 Heap Max Capacity: 2G
 Pre-touch: Disabled
 Parallel Workers: 8
 Concurrent Workers: 2
 Concurrent Refinement Workers: 8
 Periodic GC: Disabled
Heap:
 garbage-first heap   total 329728K, used 188947K [0x0000000080000000, 0x0000000100000000)
  region size 1024K, 6 young (6144K), 6 survivors (6144K)
 Metaspace       used 145368K, committed 146368K, reserved 1179648K
  class space    used 19162K, committed 19712K, reserved 1048576K
GC Heap History (20 events):
Event: 1269.689 GC heap after
{Heap after GC invocations=42 (full 0):
 garbage-first heap   total 329728K, used 149279K [0x0000000080000000, 0x0000000100000000)
  region size 1024K, 18 young (18432K), 18 survivors (18432K)
 Metaspace       used 110891K, committed 111808K, reserved 1179648K
  class space    used 14247K, committed 14720K, reserved 1048576K
}
Event: 1270.718 GC heap before
{Heap before GC invocations=42 (full 0):
 garbage-first heap   total 329728K, used 247583K [0x0000000080000000, 0x0000000100000000)
  region size 1024K, 104 young (106496K), 18 survivors (18432K)
 Metaspace       used 112346K, committed 113216K, reserved 1179648K
  class space    used 14325K, committed 14784K, reserved 1048576K
}
Event: 1270.753 GC heap after
{Heap after GC invocations=43 (full 0):
 garbage-first heap   total 329728K, used 180223K [0x0000000080000000, 0x0000000100000000)
  region size 1024K, 16 young (16384K), 16 survivors (16384K)
 Metaspace       used 112346K, committed 113216K, reserved 1179648K
  class space    used 14325K, committed 14784K, reserved 1048576K
}
Event: 1272.056 GC heap before
{Heap before GC invocations=44 (full 0):
 garbage-first heap   total 329728K, used 252927K [0x0000000080000000, 0x0000000100000000)
  region size 1024K, 91 young (93184K), 16 survivors (16384K)
 Metaspace       used 121484K, committed 122432K, reserved 1179648K
  class space    used 15532K, committed 16000K, reserved 1048576K
}
Event: 1272.067 GC heap after
{Heap after GC invocations=45 (full 0):
 garbage-first heap   total 329728K, used 182206K [0x0000000080000000, 0x0000000100000000)
  region size 1024K, 4 young (4096K), 4 survivors (4096K)
 Metaspace       used 121484K, committed 122432K, reserved 1179648K
  class space    used 15532K, committed 16000K, reserved 1048576K
}
Event: 1272.215 GC heap before
{Heap before GC invocations=45 (full 0):
 garbage-first heap   total 329728K, used 194494K [0x0000000080000000, 0x0000000100000000)
  region size 1024K, 16 young (16384K), 4 survivors (4096K)
 Metaspace       used 122181K, committed 123136K, reserved 1179648K
  class space    used 15634K, committed 16128K, reserved 1048576K
}
Event: 1272.227 GC heap after
{Heap after GC invocations=46 (full 0):
 garbage-first heap   total 329728K, used 178195K [0x0000000080000000, 0x0000000100000000)
  region size 1024K, 2 young (2048K), 2 survivors (2048K)
 Metaspace       used 122181K, committed 123136K, reserved 1179648K
  class space    used 15634K, committed 16128K, reserved 1048576K
}
Event: 1273.125 GC heap before
{Heap before GC invocations=46 (full 0):
 garbage-first heap   total 329728K, used 262163K [0x0000000080000000, 0x0000000100000000)
  region size 1024K, 84 young (86016K), 2 survivors (2048K)
 Metaspace       used 126268K, committed 127168K, reserved 1179648K
  class space    used 16261K, committed 16704K, reserved 1048576K
}
Event: 1273.132 GC heap after
{Heap after GC invocations=47 (full 0):
 garbage-first heap   total 329728K, used 181877K [0x0000000080000000, 0x0000000100000000)
  region size 1024K, 6 young (6144K), 6 survivors (6144K)
 Metaspace       used 126268K, committed 127168K, reserved 1179648K
  class space    used 16261K, committed 16704K, reserved 1048576K
}
Event: 1273.795 GC heap before
{Heap before GC invocations=48 (full 0):
 garbage-first heap   total 329728K, used 264821K [0x0000000080000000, 0x0000000100000000)
  region size 1024K, 88 young (90112K), 6 survivors (6144K)
 Metaspace       used 129905K, committed 130944K, reserved 1179648K
  class space    used 16743K, committed 17280K, reserved 1048576K
}
Event: 1273.809 GC heap after
{Heap after GC invocations=49 (full 0):
 garbage-first heap   total 329728K, used 190729K [0x0000000080000000, 0x0000000100000000)
  region size 1024K, 11 young (11264K), 11 survivors (11264K)
 Metaspace       used 129905K, committed 130944K, reserved 1179648K
  class space    used 16743K, committed 17280K, reserved 1048576K
}
Event: 1273.835 GC heap before
{Heap before GC invocations=49 (full 0):
 garbage-first heap   total 329728K, used 194825K [0x0000000080000000, 0x0000000100000000)
  region size 1024K, 16 young (16384K), 11 survivors (11264K)
 Metaspace       used 130092K, committed 131072K, reserved 1179648K
  class space    used 16763K, committed 17280K, reserved 1048576K
}
Event: 1273.855 GC heap after
{Heap after GC invocations=50 (full 0):
 garbage-first heap   total 329728K, used 167316K [0x0000000080000000, 0x0000000100000000)
  region size 1024K, 2 young (2048K), 2 survivors (2048K)
 Metaspace       used 130092K, committed 131072K, reserved 1179648K
  class space    used 16763K, committed 17280K, reserved 1048576K
}
Event: 1273.964 GC heap before
{Heap before GC invocations=50 (full 0):
 garbage-first heap   total 329728K, used 182676K [0x0000000080000000, 0x0000000100000000)
  region size 1024K, 16 young (16384K), 2 survivors (2048K)
 Metaspace       used 130951K, committed 131904K, reserved 1179648K
  class space    used 16890K, committed 17408K, reserved 1048576K
}
Event: 1273.971 GC heap after
{Heap after GC invocations=51 (full 0):
 garbage-first heap   total 329728K, used 170627K [0x0000000080000000, 0x0000000100000000)
  region size 1024K, 2 young (2048K), 2 survivors (2048K)
 Metaspace       used 130951K, committed 131904K, reserved 1179648K
  class space    used 16890K, committed 17408K, reserved 1048576K
}
Event: 1274.764 GC heap before
{Heap before GC invocations=51 (full 0):
 garbage-first heap   total 329728K, used 263811K [0x0000000080000000, 0x0000000100000000)
  region size 1024K, 91 young (93184K), 2 survivors (2048K)
 Metaspace       used 139540K, committed 140608K, reserved 1179648K
  class space    used 18201K, committed 18752K, reserved 1048576K
}
Event: 1274.772 GC heap after
{Heap after GC invocations=52 (full 0):
 garbage-first heap   total 329728K, used 180052K [0x0000000080000000, 0x0000000100000000)
  region size 1024K, 10 young (10240K), 10 survivors (10240K)
 Metaspace       used 139540K, committed 140608K, reserved 1179648K
  class space    used 18201K, committed 18752K, reserved 1048576K
}
Event: 1275.228 GC heap before
{Heap before GC invocations=52 (full 0):
 garbage-first heap   total 329728K, used 267092K [0x0000000080000000, 0x0000000100000000)
  region size 1024K, 95 young (97280K), 10 survivors (10240K)
 Metaspace       used 142849K, committed 143872K, reserved 1179648K
  class space    used 18706K, committed 19264K, reserved 1048576K
}
Event: 1275.242 GC heap after
{Heap after GC invocations=53 (full 0):
 garbage-first heap   total 329728K, used 186751K [0x0000000080000000, 0x0000000100000000)
  region size 1024K, 9 young (9216K), 9 survivors (9216K)
 Metaspace       used 142849K, committed 143872K, reserved 1179648K
  class space    used 18706K, committed 19264K, reserved 1048576K
}
Event: 1275.933 GC heap before
{Heap before GC invocations=53 (full 0):
 garbage-first heap   total 329728K, used 267647K [0x0000000080000000, 0x0000000100000000)
  region size 1024K, 89 young (91136K), 9 survivors (9216K)
 Metaspace       used 145368K, committed 146368K, reserved 1179648K
  class space    used 19162K, committed 19712K, reserved 1048576K
}

